<?xml version="1.0" encoding="UTF-8"?>
<!-- Generated by org.testng.reporters.JUnitReportReporter -->
<testsuite hostname="DESKTOP-E7HT92S" failures="0" tests="1" name="JavaInterviewQuestions.DuplicateCharsInString" time="0.015" errors="0" timestamp="2025-05-26T08:23:46 IST" skipped="0">
  <testcase classname="JavaInterviewQuestions.DuplicateCharsInString" name="UsingSet" time="0.015"/>
</testsuite> <!-- JavaInterviewQuestions.DuplicateCharsInString -->
