<?xml version="1.0" encoding="UTF-8"?>
<!-- Generated by org.testng.reporters.JUnitReportReporter -->
<testsuite hostname="DESKTOP-E7HT92S" failures="0" tests="2" name="BasePackage.ReverseString" time="0.022" errors="0" timestamp="2025-05-26T07:27:33 IST" skipped="0">
  <testcase classname="BasePackage.ReverseString" name="reverseStringUsingWhileLoop" time="0.005"/>
  <testcase classname="BasePackage.ReverseString" name="reversString" time="0.017"/>
</testsuite> <!-- BasePackage.ReverseString -->
