<?xml version="1.0" encoding="UTF-8"?>
<!-- Generated by org.testng.reporters.JUnitReportReporter -->
<testsuite hostname="DESKTOP-E7HT92S" failures="0" tests="1" name="JavaInterviewQuestions.NaturalNumbers" time="0.017" errors="0" timestamp="2025-05-26T08:49:15 IST" skipped="0">
  <testcase classname="JavaInterviewQuestions.NaturalNumbers" name="printNaturalNumbers" time="0.017"/>
</testsuite> <!-- JavaInterviewQuestions.NaturalNumbers -->
