<?xml version="1.0" encoding="UTF-8"?>
<!-- Generated by org.testng.reporters.JUnitReportReporter -->
<testsuite hostname="DESKTOP-E7HT92S" failures="0" tests="1" name="BasePackage.BaseSetup" time="0.025" errors="0" timestamp="2025-05-26T15:54:17 IST" skipped="0">
  <testcase classname="BasePackage.BaseSetup" name="readDataFromPropertyFile" time="0.025"/>
</testsuite> <!-- BasePackage.BaseSetup -->
